[INFO] Scanning for projects...
[INFO] 
[INFO] --------------------< com.metamorphx:DaffoTrackAI >---------------------
[INFO] Building DaffoTrackAI 0.0.1-SNAPSHOT
[INFO]   from pom.xml
[INFO] --------------------------------[ jar ]---------------------------------
[INFO] 
[INFO] >>> spring-boot:3.4.2:run (default-cli) > test-compile @ DaffoTrackAI >>>
[INFO] 
[INFO] --- resources:3.3.1:resources (default-resources) @ DaffoTrackAI ---
[INFO] Copying 1 resource from src\main\resources to target\classes
[INFO] Copying 0 resource from src\main\resources to target\classes
[INFO] 
[INFO] --- compiler:3.13.0:compile (default-compile) @ DaffoTrackAI ---
[INFO] Nothing to compile - all classes are up to date.
[INFO] 
[INFO] --- resources:3.3.1:testResources (default-testResources) @ DaffoTrackAI ---
[INFO] skip non existing resourceDirectory E:\Project\Metamorph-X\DaffoTrackAI\src\test\resources
[INFO] 
[INFO] --- compiler:3.13.0:testCompile (default-testCompile) @ DaffoTrackAI ---
[INFO] Nothing to compile - all classes are up to date.
[INFO] 
[INFO] <<< spring-boot:3.4.2:run (default-cli) < test-compile @ DaffoTrackAI <<<
[INFO] 
[INFO] 
[INFO] --- spring-boot:3.4.2:run (default-cli) @ DaffoTrackAI ---
[INFO] Attaching agents: []

  .   ____          _            __ _ _
 /\\ / ___'_ __ _ _(_)_ __  __ _ \ \ \ \
( ( )\___ | '_ | '_| | '_ \/ _` | \ \ \ \
 \\/  ___)| |_)| | | | | || (_| |  ) ) ) )
  '  |____| .__|_| |_|_| |_\__, | / / / /
 =========|_|==============|___/=/_/_/_/

 :: Spring Boot ::                (v3.4.2)

2026-06-28T14:57:26.297+06:00  INFO 6200 --- [DaffoTrackAI] [           main] c.m.d.DaffoTrackAiApplication            : Starting DaffoTrackAiApplication using Java 21.0.9 with PID 6200 (E:\Project\Metamorph-X\DaffoTrackAI\target\classes started by pc in E:\Project\Metamorph-X\DaffoTrackAI)
2026-06-28T14:57:26.300+06:00  INFO 6200 --- [DaffoTrackAI] [           main] c.m.d.DaffoTrackAiApplication            : No active profile set, falling back to 1 default profile: "default"
2026-06-28T14:57:26.908+06:00  INFO 6200 --- [DaffoTrackAI] [           main] .s.d.r.c.RepositoryConfigurationDelegate : Bootstrapping Spring Data JPA repositories in DEFAULT mode.
2026-06-28T14:57:27.076+06:00  INFO 6200 --- [DaffoTrackAI] [           main] .s.d.r.c.RepositoryConfigurationDelegate : Finished Spring Data repository scanning in 157 ms. Found 5 JPA repository interfaces.
2026-06-28T14:57:27.762+06:00  INFO 6200 --- [DaffoTrackAI] [           main] o.s.b.w.embedded.tomcat.TomcatWebServer  : Tomcat initialized with port 8081 (http)
2026-06-28T14:57:27.779+06:00  INFO 6200 --- [DaffoTrackAI] [           main] o.apache.catalina.core.StandardService   : Starting service [Tomcat]
2026-06-28T14:57:27.780+06:00  INFO 6200 --- [DaffoTrackAI] [           main] o.apache.catalina.core.StandardEngine    : Starting Servlet engine: [Apache Tomcat/10.1.34]
2026-06-28T14:57:27.849+06:00  INFO 6200 --- [DaffoTrackAI] [           main] o.a.c.c.C.[Tomcat].[localhost].[/]       : Initializing Spring embedded WebApplicationContext
2026-06-28T14:57:27.851+06:00  INFO 6200 --- [DaffoTrackAI] [           main] w.s.c.ServletWebServerApplicationContext : Root WebApplicationContext: initialization completed in 1509 ms
2026-06-28T14:57:28.018+06:00  INFO 6200 --- [DaffoTrackAI] [           main] o.hibernate.jpa.internal.util.LogHelper  : HHH000204: Processing PersistenceUnitInfo [name: default]
2026-06-28T14:57:28.086+06:00  INFO 6200 --- [DaffoTrackAI] [           main] org.hibernate.Version                    : HHH000412: Hibernate ORM core version 6.6.5.Final
2026-06-28T14:57:28.122+06:00  INFO 6200 --- [DaffoTrackAI] [           main] o.h.c.internal.RegionFactoryInitiator    : HHH000026: Second-level cache disabled
2026-06-28T14:57:28.378+06:00  INFO 6200 --- [DaffoTrackAI] [           main] o.s.o.j.p.SpringPersistenceUnitInfo      : No LoadTimeWeaver setup: ignoring JPA class transformer
2026-06-28T14:57:28.409+06:00  INFO 6200 --- [DaffoTrackAI] [           main] com.zaxxer.hikari.HikariDataSource       : HikariPool-1 - Starting...
2026-06-28T14:57:28.693+06:00  INFO 6200 --- [DaffoTrackAI] [           main] com.zaxxer.hikari.pool.HikariPool        : HikariPool-1 - Added connection com.mysql.cj.jdbc.ConnectionImpl@f4f843f
2026-06-28T14:57:28.696+06:00  INFO 6200 --- [DaffoTrackAI] [           main] com.zaxxer.hikari.HikariDataSource       : HikariPool-1 - Start completed.
2026-06-28T14:57:28.761+06:00  WARN 6200 --- [DaffoTrackAI] [           main] org.hibernate.orm.deprecation            : HHH90000025: MySQLDialect does not need to be specified explicitly using 'hibernate.dialect' (remove the property setting and it will be selected by default)
2026-06-28T14:57:28.784+06:00  INFO 6200 --- [DaffoTrackAI] [           main] org.hibernate.orm.connections.pooling    : HHH10001005: Database info:
	Database JDBC URL [Connecting through datasource 'HikariDataSource (HikariPool-1)']
	Database driver: undefined/unknown
	Database version: 8.0.43
	Autocommit mode: undefined/unknown
	Isolation level: undefined/unknown
	Minimum pool size: undefined/unknown
	Maximum pool size: undefined/unknown
2026-06-28T14:57:30.177+06:00  INFO 6200 --- [DaffoTrackAI] [           main] o.h.e.t.j.p.i.JtaPlatformInitiator       : HHH000489: No JTA platform available (set 'hibernate.transaction.jta.platform' to enable JTA platform integration)
2026-06-28T14:57:30.281+06:00  INFO 6200 --- [DaffoTrackAI] [           main] j.LocalContainerEntityManagerFactoryBean : Initialized JPA EntityManagerFactory for persistence unit 'default'
Hibernate: select count(*) from course_catalog cc1_0
2026-06-28T14:57:31.394+06:00  WARN 6200 --- [DaffoTrackAI] [           main] JpaBaseConfiguration$JpaWebConfiguration : spring.jpa.open-in-view is enabled by default. Therefore, database queries may be performed during view rendering. Explicitly configure spring.jpa.open-in-view to disable this warning
2026-06-28T14:57:31.804+06:00  INFO 6200 --- [DaffoTrackAI] [           main] o.s.b.w.embedded.tomcat.TomcatWebServer  : Tomcat started on port 8081 (http) with context path '/'
2026-06-28T14:57:31.819+06:00  INFO 6200 --- [DaffoTrackAI] [           main] c.m.d.DaffoTrackAiApplication            : Started DaffoTrackAiApplication in 5.959 seconds (process running for 6.326)
2026-06-28T15:03:40.378+06:00  INFO 6200 --- [DaffoTrackAI] [nio-8081-exec-1] o.a.c.c.C.[Tomcat].[localhost].[/]       : Initializing Spring DispatcherServlet 'dispatcherServlet'
2026-06-28T15:03:40.379+06:00  INFO 6200 --- [DaffoTrackAI] [nio-8081-exec-1] o.s.web.servlet.DispatcherServlet        : Initializing Servlet 'dispatcherServlet'
2026-06-28T15:03:40.380+06:00  INFO 6200 --- [DaffoTrackAI] [nio-8081-exec-1] o.s.web.servlet.DispatcherServlet        : Completed initialization in 0 ms
Hibernate: select sp1_0.id,sp1_0.address,sp1_0.admission_date,sp1_0.blood_group,sp1_0.created_at,sp1_0.date_of_birth,sp1_0.department,sp1_0.email,sp1_0.full_name,sp1_0.gender,sp1_0.guardian_name,sp1_0.nationality,sp1_0.password,sp1_0.phone,sp1_0.profile_image,sp1_0.profile_image_content_type,sp1_0.profile_image_name,sp1_0.semester,sp1_0.session_year,sp1_0.student_id,sp1_0.updated_at from student_profiles sp1_0 where sp1_0.id=?
Hibernate: select sp1_0.id,sp1_0.address,sp1_0.admission_date,sp1_0.blood_group,sp1_0.created_at,sp1_0.date_of_birth,sp1_0.department,sp1_0.email,sp1_0.full_name,sp1_0.gender,sp1_0.guardian_name,sp1_0.nationality,sp1_0.password,sp1_0.phone,sp1_0.profile_image,sp1_0.profile_image_content_type,sp1_0.profile_image_name,sp1_0.semester,sp1_0.session_year,sp1_0.student_id,sp1_0.updated_at from student_profiles sp1_0 where sp1_0.id=?
Hibernate: select sp1_0.id,sp1_0.address,sp1_0.admission_date,sp1_0.blood_group,sp1_0.created_at,sp1_0.date_of_birth,sp1_0.department,sp1_0.email,sp1_0.full_name,sp1_0.gender,sp1_0.guardian_name,sp1_0.nationality,sp1_0.password,sp1_0.phone,sp1_0.profile_image,sp1_0.profile_image_content_type,sp1_0.profile_image_name,sp1_0.semester,sp1_0.session_year,sp1_0.student_id,sp1_0.updated_at from student_profiles sp1_0 where sp1_0.id=?
Hibernate: select cr1_0.id,cr1_0.assignment_marks,cr1_0.attendance_marks,cr1_0.attendance_percent,cr1_0.class_test_marks,cr1_0.code,cr1_0.created_at,cr1_0.credit,cr1_0.final_marks,cr1_0.lab_performance_marks,cr1_0.lab_report_marks,cr1_0.midterm_marks,cr1_0.presentation_marks,cr1_0.quiz_marks,cr1_0.semester_name,cr1_0.student_profile_id,cr1_0.title,cr1_0.updated_at from course_records cr1_0 join student_profiles sp1_0 on sp1_0.id=cr1_0.student_profile_id where sp1_0.id=? order by cr1_0.code
Hibernate: select sp1_0.id,sp1_0.address,sp1_0.admission_date,sp1_0.blood_group,sp1_0.created_at,sp1_0.date_of_birth,sp1_0.department,sp1_0.email,sp1_0.full_name,sp1_0.gender,sp1_0.guardian_name,sp1_0.nationality,sp1_0.password,sp1_0.phone,sp1_0.profile_image,sp1_0.profile_image_content_type,sp1_0.profile_image_name,sp1_0.semester,sp1_0.session_year,sp1_0.student_id,sp1_0.updated_at from student_profiles sp1_0 where sp1_0.id=?
Hibernate: select sp1_0.id,sp1_0.address,sp1_0.admission_date,sp1_0.blood_group,sp1_0.created_at,sp1_0.date_of_birth,sp1_0.department,sp1_0.email,sp1_0.full_name,sp1_0.gender,sp1_0.guardian_name,sp1_0.nationality,sp1_0.password,sp1_0.phone,sp1_0.profile_image,sp1_0.profile_image_content_type,sp1_0.profile_image_name,sp1_0.semester,sp1_0.session_year,sp1_0.student_id,sp1_0.updated_at from student_profiles sp1_0 where sp1_0.id=?
Hibernate: select sp1_0.id,sp1_0.address,sp1_0.admission_date,sp1_0.blood_group,sp1_0.created_at,sp1_0.date_of_birth,sp1_0.department,sp1_0.email,sp1_0.full_name,sp1_0.gender,sp1_0.guardian_name,sp1_0.nationality,sp1_0.password,sp1_0.phone,sp1_0.profile_image,sp1_0.profile_image_content_type,sp1_0.profile_image_name,sp1_0.semester,sp1_0.session_year,sp1_0.student_id,sp1_0.updated_at from student_profiles sp1_0 where sp1_0.id=?
Hibernate: select cr1_0.id,cr1_0.assignment_marks,cr1_0.attendance_marks,cr1_0.attendance_percent,cr1_0.class_test_marks,cr1_0.code,cr1_0.created_at,cr1_0.credit,cr1_0.final_marks,cr1_0.lab_performance_marks,cr1_0.lab_report_marks,cr1_0.midterm_marks,cr1_0.presentation_marks,cr1_0.quiz_marks,cr1_0.semester_name,cr1_0.student_profile_id,cr1_0.title,cr1_0.updated_at from course_records cr1_0 join student_profiles sp1_0 on sp1_0.id=cr1_0.student_profile_id where sp1_0.id=? order by cr1_0.code
Hibernate: select sp1_0.id,sp1_0.address,sp1_0.admission_date,sp1_0.blood_group,sp1_0.created_at,sp1_0.date_of_birth,sp1_0.department,sp1_0.email,sp1_0.full_name,sp1_0.gender,sp1_0.guardian_name,sp1_0.nationality,sp1_0.password,sp1_0.phone,sp1_0.profile_image,sp1_0.profile_image_content_type,sp1_0.profile_image_name,sp1_0.semester,sp1_0.session_year,sp1_0.student_id,sp1_0.updated_at from student_profiles sp1_0 where sp1_0.id=?
Hibernate: select sp1_0.id,sp1_0.address,sp1_0.admission_date,sp1_0.blood_group,sp1_0.created_at,sp1_0.date_of_birth,sp1_0.department,sp1_0.email,sp1_0.full_name,sp1_0.gender,sp1_0.guardian_name,sp1_0.nationality,sp1_0.password,sp1_0.phone,sp1_0.profile_image,sp1_0.profile_image_content_type,sp1_0.profile_image_name,sp1_0.semester,sp1_0.session_year,sp1_0.student_id,sp1_0.updated_at from student_profiles sp1_0 where sp1_0.id=?
Hibernate: select sp1_0.id,sp1_0.address,sp1_0.admission_date,sp1_0.blood_group,sp1_0.created_at,sp1_0.date_of_birth,sp1_0.department,sp1_0.email,sp1_0.full_name,sp1_0.gender,sp1_0.guardian_name,sp1_0.nationality,sp1_0.password,sp1_0.phone,sp1_0.profile_image,sp1_0.profile_image_content_type,sp1_0.profile_image_name,sp1_0.semester,sp1_0.session_year,sp1_0.student_id,sp1_0.updated_at from student_profiles sp1_0 where sp1_0.id=?
Hibernate: select cr1_0.id,cr1_0.assignment_marks,cr1_0.attendance_marks,cr1_0.attendance_percent,cr1_0.class_test_marks,cr1_0.code,cr1_0.created_at,cr1_0.credit,cr1_0.final_marks,cr1_0.lab_performance_marks,cr1_0.lab_report_marks,cr1_0.midterm_marks,cr1_0.presentation_marks,cr1_0.quiz_marks,cr1_0.semester_name,cr1_0.student_profile_id,cr1_0.title,cr1_0.updated_at from course_records cr1_0 join student_profiles sp1_0 on sp1_0.id=cr1_0.student_profile_id where sp1_0.id=? order by cr1_0.code
Hibernate: select sp1_0.id,sp1_0.address,sp1_0.admission_date,sp1_0.blood_group,sp1_0.created_at,sp1_0.date_of_birth,sp1_0.department,sp1_0.email,sp1_0.full_name,sp1_0.gender,sp1_0.guardian_name,sp1_0.nationality,sp1_0.password,sp1_0.phone,sp1_0.profile_image,sp1_0.profile_image_content_type,sp1_0.profile_image_name,sp1_0.semester,sp1_0.session_year,sp1_0.student_id,sp1_0.updated_at from student_profiles sp1_0 where sp1_0.id=?
Hibernate: select sp1_0.id,sp1_0.address,sp1_0.admission_date,sp1_0.blood_group,sp1_0.created_at,sp1_0.date_of_birth,sp1_0.department,sp1_0.email,sp1_0.full_name,sp1_0.gender,sp1_0.guardian_name,sp1_0.nationality,sp1_0.password,sp1_0.phone,sp1_0.profile_image,sp1_0.profile_image_content_type,sp1_0.profile_image_name,sp1_0.semester,sp1_0.session_year,sp1_0.student_id,sp1_0.updated_at from student_profiles sp1_0 where sp1_0.id=?
Hibernate: select sp1_0.id,sp1_0.address,sp1_0.admission_date,sp1_0.blood_group,sp1_0.created_at,sp1_0.date_of_birth,sp1_0.department,sp1_0.email,sp1_0.full_name,sp1_0.gender,sp1_0.guardian_name,sp1_0.nationality,sp1_0.password,sp1_0.phone,sp1_0.profile_image,sp1_0.profile_image_content_type,sp1_0.profile_image_name,sp1_0.semester,sp1_0.session_year,sp1_0.student_id,sp1_0.updated_at from student_profiles sp1_0 where sp1_0.id=?
Hibernate: select cr1_0.id,cr1_0.assignment_marks,cr1_0.attendance_marks,cr1_0.attendance_percent,cr1_0.class_test_marks,cr1_0.code,cr1_0.created_at,cr1_0.credit,cr1_0.final_marks,cr1_0.lab_performance_marks,cr1_0.lab_report_marks,cr1_0.midterm_marks,cr1_0.presentation_marks,cr1_0.quiz_marks,cr1_0.semester_name,cr1_0.student_profile_id,cr1_0.title,cr1_0.updated_at from course_records cr1_0 join student_profiles sp1_0 on sp1_0.id=cr1_0.student_profile_id where sp1_0.id=? order by cr1_0.code
Hibernate: select sp1_0.id,sp1_0.address,sp1_0.admission_date,sp1_0.blood_group,sp1_0.created_at,sp1_0.date_of_birth,sp1_0.department,sp1_0.email,sp1_0.full_name,sp1_0.gender,sp1_0.guardian_name,sp1_0.nationality,sp1_0.password,sp1_0.phone,sp1_0.profile_image,sp1_0.profile_image_content_type,sp1_0.profile_image_name,sp1_0.semester,sp1_0.session_year,sp1_0.student_id,sp1_0.updated_at from student_profiles sp1_0 where sp1_0.id=?
Hibernate: select sp1_0.id,sp1_0.address,sp1_0.admission_date,sp1_0.blood_group,sp1_0.created_at,sp1_0.date_of_birth,sp1_0.department,sp1_0.email,sp1_0.full_name,sp1_0.gender,sp1_0.guardian_name,sp1_0.nationality,sp1_0.password,sp1_0.phone,sp1_0.profile_image,sp1_0.profile_image_content_type,sp1_0.profile_image_name,sp1_0.semester,sp1_0.session_year,sp1_0.student_id,sp1_0.updated_at from student_profiles sp1_0 where sp1_0.id=?
Hibernate: select cc1_0.id,cc1_0.code,cc1_0.credit,cc1_0.name from course_catalog cc1_0 order by cc1_0.code
Hibernate: select sp1_0.id,sp1_0.address,sp1_0.admission_date,sp1_0.blood_group,sp1_0.created_at,sp1_0.date_of_birth,sp1_0.department,sp1_0.email,sp1_0.full_name,sp1_0.gender,sp1_0.guardian_name,sp1_0.nationality,sp1_0.password,sp1_0.phone,sp1_0.profile_image,sp1_0.profile_image_content_type,sp1_0.profile_image_name,sp1_0.semester,sp1_0.session_year,sp1_0.student_id,sp1_0.updated_at from student_profiles sp1_0 where sp1_0.id=?
Hibernate: select cr1_0.id,cr1_0.assignment_marks,cr1_0.attendance_marks,cr1_0.attendance_percent,cr1_0.class_test_marks,cr1_0.code,cr1_0.created_at,cr1_0.credit,cr1_0.final_marks,cr1_0.lab_performance_marks,cr1_0.lab_report_marks,cr1_0.midterm_marks,cr1_0.presentation_marks,cr1_0.quiz_marks,cr1_0.semester_name,cr1_0.student_profile_id,cr1_0.title,cr1_0.updated_at from course_records cr1_0 join student_profiles sp1_0 on sp1_0.id=cr1_0.student_profile_id where sp1_0.id=? order by cr1_0.code
Hibernate: select sp1_0.id,sp1_0.address,sp1_0.admission_date,sp1_0.blood_group,sp1_0.created_at,sp1_0.date_of_birth,sp1_0.department,sp1_0.email,sp1_0.full_name,sp1_0.gender,sp1_0.guardian_name,sp1_0.nationality,sp1_0.password,sp1_0.phone,sp1_0.profile_image,sp1_0.profile_image_content_type,sp1_0.profile_image_name,sp1_0.semester,sp1_0.session_year,sp1_0.student_id,sp1_0.updated_at from student_profiles sp1_0 where sp1_0.id=?
Hibernate: select cc1_0.id,cc1_0.code,cc1_0.credit,cc1_0.name from course_catalog cc1_0 order by cc1_0.code
Hibernate: select sp1_0.id,sp1_0.address,sp1_0.admission_date,sp1_0.blood_group,sp1_0.created_at,sp1_0.date_of_birth,sp1_0.department,sp1_0.email,sp1_0.full_name,sp1_0.gender,sp1_0.guardian_name,sp1_0.nationality,sp1_0.password,sp1_0.phone,sp1_0.profile_image,sp1_0.profile_image_content_type,sp1_0.profile_image_name,sp1_0.semester,sp1_0.session_year,sp1_0.student_id,sp1_0.updated_at from student_profiles sp1_0 where sp1_0.id=?
Hibernate: select cr1_0.id,cr1_0.assignment_marks,cr1_0.attendance_marks,cr1_0.attendance_percent,cr1_0.class_test_marks,cr1_0.code,cr1_0.created_at,cr1_0.credit,cr1_0.final_marks,cr1_0.lab_performance_marks,cr1_0.lab_report_marks,cr1_0.midterm_marks,cr1_0.presentation_marks,cr1_0.quiz_marks,cr1_0.semester_name,cr1_0.student_profile_id,cr1_0.title,cr1_0.updated_at from course_records cr1_0 join student_profiles sp1_0 on sp1_0.id=cr1_0.student_profile_id where sp1_0.id=? order by cr1_0.code
Hibernate: select cr1_0.id,cr1_0.assignment_marks,cr1_0.attendance_marks,cr1_0.attendance_percent,cr1_0.class_test_marks,cr1_0.code,cr1_0.created_at,cr1_0.credit,cr1_0.final_marks,cr1_0.lab_performance_marks,cr1_0.lab_report_marks,cr1_0.midterm_marks,cr1_0.presentation_marks,cr1_0.quiz_marks,cr1_0.semester_name,cr1_0.student_profile_id,cr1_0.title,cr1_0.updated_at from course_records cr1_0 where cr1_0.id=?
Hibernate: delete from course_records where id=?
Hibernate: select sp1_0.id,sp1_0.address,sp1_0.admission_date,sp1_0.blood_group,sp1_0.created_at,sp1_0.date_of_birth,sp1_0.department,sp1_0.email,sp1_0.full_name,sp1_0.gender,sp1_0.guardian_name,sp1_0.nationality,sp1_0.password,sp1_0.phone,sp1_0.profile_image,sp1_0.profile_image_content_type,sp1_0.profile_image_name,sp1_0.semester,sp1_0.session_year,sp1_0.student_id,sp1_0.updated_at from student_profiles sp1_0 where sp1_0.id=?
Hibernate: select sp1_0.id,sp1_0.address,sp1_0.admission_date,sp1_0.blood_group,sp1_0.created_at,sp1_0.date_of_birth,sp1_0.department,sp1_0.email,sp1_0.full_name,sp1_0.gender,sp1_0.guardian_name,sp1_0.nationality,sp1_0.password,sp1_0.phone,sp1_0.profile_image,sp1_0.profile_image_content_type,sp1_0.profile_image_name,sp1_0.semester,sp1_0.session_year,sp1_0.student_id,sp1_0.updated_at from student_profiles sp1_0 where sp1_0.id=?
Hibernate: select cc1_0.id,cc1_0.code,cc1_0.credit,cc1_0.name from course_catalog cc1_0 order by cc1_0.code
Hibernate: select cr1_0.id,cr1_0.assignment_marks,cr1_0.attendance_marks,cr1_0.attendance_percent,cr1_0.class_test_marks,cr1_0.code,cr1_0.created_at,cr1_0.credit,cr1_0.final_marks,cr1_0.lab_performance_marks,cr1_0.lab_report_marks,cr1_0.midterm_marks,cr1_0.presentation_marks,cr1_0.quiz_marks,cr1_0.semester_name,cr1_0.student_profile_id,cr1_0.title,cr1_0.updated_at from course_records cr1_0 join student_profiles sp1_0 on sp1_0.id=cr1_0.student_profile_id where sp1_0.id=? order by cr1_0.code
Hibernate: select cc1_0.id,cc1_0.code,cc1_0.credit,cc1_0.name from course_catalog cc1_0 order by cc1_0.code
Hibernate: select sp1_0.id,sp1_0.address,sp1_0.admission_date,sp1_0.blood_group,sp1_0.created_at,sp1_0.date_of_birth,sp1_0.department,sp1_0.email,sp1_0.full_name,sp1_0.gender,sp1_0.guardian_name,sp1_0.nationality,sp1_0.password,sp1_0.phone,sp1_0.profile_image,sp1_0.profile_image_content_type,sp1_0.profile_image_name,sp1_0.semester,sp1_0.session_year,sp1_0.student_id,sp1_0.updated_at from student_profiles sp1_0 where sp1_0.id=?
Hibernate: select cr1_0.id,cr1_0.assignment_marks,cr1_0.attendance_marks,cr1_0.attendance_percent,cr1_0.class_test_marks,cr1_0.code,cr1_0.created_at,cr1_0.credit,cr1_0.final_marks,cr1_0.lab_performance_marks,cr1_0.lab_report_marks,cr1_0.midterm_marks,cr1_0.presentation_marks,cr1_0.quiz_marks,cr1_0.semester_name,cr1_0.student_profile_id,cr1_0.title,cr1_0.updated_at from course_records cr1_0 join student_profiles sp1_0 on sp1_0.id=cr1_0.student_profile_id where sp1_0.id=? order by cr1_0.code
Hibernate: select sp1_0.id,sp1_0.address,sp1_0.admission_date,sp1_0.blood_group,sp1_0.created_at,sp1_0.date_of_birth,sp1_0.department,sp1_0.email,sp1_0.full_name,sp1_0.gender,sp1_0.guardian_name,sp1_0.nationality,sp1_0.password,sp1_0.phone,sp1_0.profile_image,sp1_0.profile_image_content_type,sp1_0.profile_image_name,sp1_0.semester,sp1_0.session_year,sp1_0.student_id,sp1_0.updated_at from student_profiles sp1_0 where sp1_0.id=?
Hibernate: select sp1_0.id,sp1_0.address,sp1_0.admission_date,sp1_0.blood_group,sp1_0.created_at,sp1_0.date_of_birth,sp1_0.department,sp1_0.email,sp1_0.full_name,sp1_0.gender,sp1_0.guardian_name,sp1_0.nationality,sp1_0.password,sp1_0.phone,sp1_0.profile_image,sp1_0.profile_image_content_type,sp1_0.profile_image_name,sp1_0.semester,sp1_0.session_year,sp1_0.student_id,sp1_0.updated_at from student_profiles sp1_0 where sp1_0.id=?
Hibernate: select sp1_0.id,sp1_0.address,sp1_0.admission_date,sp1_0.blood_group,sp1_0.created_at,sp1_0.date_of_birth,sp1_0.department,sp1_0.email,sp1_0.full_name,sp1_0.gender,sp1_0.guardian_name,sp1_0.nationality,sp1_0.password,sp1_0.phone,sp1_0.profile_image,sp1_0.profile_image_content_type,sp1_0.profile_image_name,sp1_0.semester,sp1_0.session_year,sp1_0.student_id,sp1_0.updated_at from student_profiles sp1_0 where sp1_0.id=?
Hibernate: select sp1_0.id,sp1_0.address,sp1_0.admission_date,sp1_0.blood_group,sp1_0.created_at,sp1_0.date_of_birth,sp1_0.department,sp1_0.email,sp1_0.full_name,sp1_0.gender,sp1_0.guardian_name,sp1_0.nationality,sp1_0.password,sp1_0.phone,sp1_0.profile_image,sp1_0.profile_image_content_type,sp1_0.profile_image_name,sp1_0.semester,sp1_0.session_year,sp1_0.student_id,sp1_0.updated_at from student_profiles sp1_0 where sp1_0.id=?
Hibernate: select cr1_0.id,cr1_0.assignment_marks,cr1_0.attendance_marks,cr1_0.attendance_percent,cr1_0.class_test_marks,cr1_0.code,cr1_0.created_at,cr1_0.credit,cr1_0.final_marks,cr1_0.lab_performance_marks,cr1_0.lab_report_marks,cr1_0.midterm_marks,cr1_0.presentation_marks,cr1_0.quiz_marks,cr1_0.semester_name,cr1_0.student_profile_id,cr1_0.title,cr1_0.updated_at from course_records cr1_0 where cr1_0.id=?
Hibernate: update course_records set assignment_marks=?,attendance_marks=?,attendance_percent=?,class_test_marks=?,code=?,credit=?,final_marks=?,lab_performance_marks=?,lab_report_marks=?,midterm_marks=?,presentation_marks=?,quiz_marks=?,semester_name=?,student_profile_id=?,title=?,updated_at=? where id=?
Hibernate: select cr1_0.id,cr1_0.assignment_marks,cr1_0.attendance_marks,cr1_0.attendance_percent,cr1_0.class_test_marks,cr1_0.code,cr1_0.created_at,cr1_0.credit,cr1_0.final_marks,cr1_0.lab_performance_marks,cr1_0.lab_report_marks,cr1_0.midterm_marks,cr1_0.presentation_marks,cr1_0.quiz_marks,cr1_0.semester_name,cr1_0.student_profile_id,cr1_0.title,cr1_0.updated_at from course_records cr1_0 where cr1_0.id=?
Hibernate: select cr1_0.id,cr1_0.assignment_marks,cr1_0.attendance_marks,cr1_0.attendance_percent,cr1_0.class_test_marks,cr1_0.code,cr1_0.created_at,cr1_0.credit,cr1_0.final_marks,cr1_0.lab_performance_marks,cr1_0.lab_report_marks,cr1_0.midterm_marks,cr1_0.presentation_marks,cr1_0.quiz_marks,cr1_0.semester_name,cr1_0.student_profile_id,cr1_0.title,cr1_0.updated_at from course_records cr1_0 where cr1_0.id=?
Hibernate: select cr1_0.id,cr1_0.assignment_marks,cr1_0.attendance_marks,cr1_0.attendance_percent,cr1_0.class_test_marks,cr1_0.code,cr1_0.created_at,cr1_0.credit,cr1_0.final_marks,cr1_0.lab_performance_marks,cr1_0.lab_report_marks,cr1_0.midterm_marks,cr1_0.presentation_marks,cr1_0.quiz_marks,cr1_0.semester_name,cr1_0.student_profile_id,cr1_0.title,cr1_0.updated_at from course_records cr1_0 where cr1_0.id=?
Hibernate: select cr1_0.id,cr1_0.assignment_marks,cr1_0.attendance_marks,cr1_0.attendance_percent,cr1_0.class_test_marks,cr1_0.code,cr1_0.created_at,cr1_0.credit,cr1_0.final_marks,cr1_0.lab_performance_marks,cr1_0.lab_report_marks,cr1_0.midterm_marks,cr1_0.presentation_marks,cr1_0.quiz_marks,cr1_0.semester_name,cr1_0.student_profile_id,cr1_0.title,cr1_0.updated_at from course_records cr1_0 where cr1_0.id=?
Hibernate: select cr1_0.id,cr1_0.assignment_marks,cr1_0.attendance_marks,cr1_0.attendance_percent,cr1_0.class_test_marks,cr1_0.code,cr1_0.created_at,cr1_0.credit,cr1_0.final_marks,cr1_0.lab_performance_marks,cr1_0.lab_report_marks,cr1_0.midterm_marks,cr1_0.presentation_marks,cr1_0.quiz_marks,cr1_0.semester_name,cr1_0.student_profile_id,cr1_0.title,cr1_0.updated_at from course_records cr1_0 where cr1_0.id=?
Hibernate: select cr1_0.id,cr1_0.assignment_marks,cr1_0.attendance_marks,cr1_0.attendance_percent,cr1_0.class_test_marks,cr1_0.code,cr1_0.created_at,cr1_0.credit,cr1_0.final_marks,cr1_0.lab_performance_marks,cr1_0.lab_report_marks,cr1_0.midterm_marks,cr1_0.presentation_marks,cr1_0.quiz_marks,cr1_0.semester_name,cr1_0.student_profile_id,cr1_0.title,cr1_0.updated_at from course_records cr1_0 where cr1_0.id=?
Hibernate: update course_records set assignment_marks=?,attendance_marks=?,attendance_percent=?,class_test_marks=?,code=?,credit=?,final_marks=?,lab_performance_marks=?,lab_report_marks=?,midterm_marks=?,presentation_marks=?,quiz_marks=?,semester_name=?,student_profile_id=?,title=?,updated_at=? where id=?
Hibernate: select cr1_0.id,cr1_0.assignment_marks,cr1_0.attendance_marks,cr1_0.attendance_percent,cr1_0.class_test_marks,cr1_0.code,cr1_0.created_at,cr1_0.credit,cr1_0.final_marks,cr1_0.lab_performance_marks,cr1_0.lab_report_marks,cr1_0.midterm_marks,cr1_0.presentation_marks,cr1_0.quiz_marks,cr1_0.semester_name,cr1_0.student_profile_id,cr1_0.title,cr1_0.updated_at from course_records cr1_0 join student_profiles sp1_0 on sp1_0.id=cr1_0.student_profile_id where sp1_0.id=? order by cr1_0.code
Hibernate: select sp1_0.id,sp1_0.address,sp1_0.admission_date,sp1_0.blood_group,sp1_0.created_at,sp1_0.date_of_birth,sp1_0.department,sp1_0.email,sp1_0.full_name,sp1_0.gender,sp1_0.guardian_name,sp1_0.nationality,sp1_0.password,sp1_0.phone,sp1_0.profile_image,sp1_0.profile_image_content_type,sp1_0.profile_image_name,sp1_0.semester,sp1_0.session_year,sp1_0.student_id,sp1_0.updated_at from student_profiles sp1_0 where sp1_0.id=?
Hibernate: select cc1_0.id,cc1_0.created_at,cc1_0.owner_key,cc1_0.student_profile_id,cc1_0.title,cc1_0.updated_at from chat_conversations cc1_0 where cc1_0.owner_key=? order by cc1_0.updated_at desc
Hibernate: select sp1_0.id,sp1_0.address,sp1_0.admission_date,sp1_0.blood_group,sp1_0.created_at,sp1_0.date_of_birth,sp1_0.department,sp1_0.email,sp1_0.full_name,sp1_0.gender,sp1_0.guardian_name,sp1_0.nationality,sp1_0.password,sp1_0.phone,sp1_0.profile_image,sp1_0.profile_image_content_type,sp1_0.profile_image_name,sp1_0.semester,sp1_0.session_year,sp1_0.student_id,sp1_0.updated_at from student_profiles sp1_0 where sp1_0.id=?
Hibernate: select cc1_0.id,cc1_0.created_at,cc1_0.owner_key,cc1_0.student_profile_id,cc1_0.title,cc1_0.updated_at from chat_conversations cc1_0 where cc1_0.owner_key=? order by cc1_0.updated_at desc
Hibernate: select cc1_0.id,cc1_0.created_at,cc1_0.owner_key,cc1_0.student_profile_id,cc1_0.title,cc1_0.updated_at from chat_conversations cc1_0 where cc1_0.id=?
Hibernate: select cm1_0.id,cm1_0.attachments_json,cm1_0.conversation_id,cm1_0.created_at,cm1_0.sender,cm1_0.text from chat_messages cm1_0 join chat_conversations c1_0 on c1_0.id=cm1_0.conversation_id where c1_0.id=? order by cm1_0.created_at
Hibernate: select cc1_0.id,cc1_0.created_at,cc1_0.owner_key,cc1_0.student_profile_id,cc1_0.title,cc1_0.updated_at from chat_conversations cc1_0 where cc1_0.id=?
Hibernate: insert into chat_messages (attachments_json,conversation_id,created_at,sender,text) values (?,?,?,?,?)
Hibernate: insert into chat_messages (attachments_json,conversation_id,created_at,sender,text) values (?,?,?,?,?)
Hibernate: select cc1_0.id,cc1_0.created_at,cc1_0.owner_key,cc1_0.student_profile_id,cc1_0.title,cc1_0.updated_at from chat_conversations cc1_0 where cc1_0.id=?
Hibernate: insert into chat_messages (attachments_json,conversation_id,created_at,sender,text) values (?,?,?,?,?)
Hibernate: insert into chat_messages (attachments_json,conversation_id,created_at,sender,text) values (?,?,?,?,?)
Hibernate: select cc1_0.id,cc1_0.created_at,cc1_0.owner_key,cc1_0.student_profile_id,cc1_0.title,cc1_0.updated_at from chat_conversations cc1_0 where cc1_0.id=?
Hibernate: insert into chat_messages (attachments_json,conversation_id,created_at,sender,text) values (?,?,?,?,?)
Hibernate: insert into chat_messages (attachments_json,conversation_id,created_at,sender,text) values (?,?,?,?,?)
Hibernate: select cc1_0.id,cc1_0.created_at,cc1_0.owner_key,cc1_0.student_profile_id,cc1_0.title,cc1_0.updated_at from chat_conversations cc1_0 where cc1_0.id=?
Hibernate: insert into chat_messages (attachments_json,conversation_id,created_at,sender,text) values (?,?,?,?,?)
Hibernate: insert into chat_messages (attachments_json,conversation_id,created_at,sender,text) values (?,?,?,?,?)
Hibernate: select cc1_0.id,cc1_0.created_at,cc1_0.owner_key,cc1_0.student_profile_id,cc1_0.title,cc1_0.updated_at from chat_conversations cc1_0 where cc1_0.id=?
Hibernate: insert into chat_messages (attachments_json,conversation_id,created_at,sender,text) values (?,?,?,?,?)
Hibernate: insert into chat_messages (attachments_json,conversation_id,created_at,sender,text) values (?,?,?,?,?)
Hibernate: select cc1_0.id,cc1_0.created_at,cc1_0.owner_key,cc1_0.student_profile_id,cc1_0.title,cc1_0.updated_at from chat_conversations cc1_0 where cc1_0.id=?
Hibernate: insert into chat_messages (attachments_json,conversation_id,created_at,sender,text) values (?,?,?,?,?)
Hibernate: insert into chat_messages (attachments_json,conversation_id,created_at,sender,text) values (?,?,?,?,?)
Hibernate: select cc1_0.id,cc1_0.created_at,cc1_0.owner_key,cc1_0.student_profile_id,cc1_0.title,cc1_0.updated_at from chat_conversations cc1_0 where cc1_0.id=?
Hibernate: insert into chat_messages (attachments_json,conversation_id,created_at,sender,text) values (?,?,?,?,?)
Hibernate: insert into chat_messages (attachments_json,conversation_id,created_at,sender,text) values (?,?,?,?,?)
Hibernate: select cc1_0.id,cc1_0.created_at,cc1_0.owner_key,cc1_0.student_profile_id,cc1_0.title,cc1_0.updated_at from chat_conversations cc1_0 where cc1_0.id=?
Hibernate: insert into chat_messages (attachments_json,conversation_id,created_at,sender,text) values (?,?,?,?,?)
Hibernate: insert into chat_messages (attachments_json,conversation_id,created_at,sender,text) values (?,?,?,?,?)
Hibernate: select cc1_0.id,cc1_0.created_at,cc1_0.owner_key,cc1_0.student_profile_id,cc1_0.title,cc1_0.updated_at from chat_conversations cc1_0 where cc1_0.id=?
Hibernate: insert into chat_messages (attachments_json,conversation_id,created_at,sender,text) values (?,?,?,?,?)
Hibernate: insert into chat_messages (attachments_json,conversation_id,created_at,sender,text) values (?,?,?,?,?)
Hibernate: select cc1_0.id,cc1_0.created_at,cc1_0.owner_key,cc1_0.student_profile_id,cc1_0.title,cc1_0.updated_at from chat_conversations cc1_0 where cc1_0.id=?
Hibernate: insert into chat_messages (attachments_json,conversation_id,created_at,sender,text) values (?,?,?,?,?)
Hibernate: insert into chat_messages (attachments_json,conversation_id,created_at,sender,text) values (?,?,?,?,?)
Hibernate: select sp1_0.id,sp1_0.address,sp1_0.admission_date,sp1_0.blood_group,sp1_0.created_at,sp1_0.date_of_birth,sp1_0.department,sp1_0.email,sp1_0.full_name,sp1_0.gender,sp1_0.guardian_name,sp1_0.nationality,sp1_0.password,sp1_0.phone,sp1_0.profile_image,sp1_0.profile_image_content_type,sp1_0.profile_image_name,sp1_0.semester,sp1_0.session_year,sp1_0.student_id,sp1_0.updated_at from student_profiles sp1_0 where sp1_0.id=?
Hibernate: select sp1_0.id,sp1_0.address,sp1_0.admission_date,sp1_0.blood_group,sp1_0.created_at,sp1_0.date_of_birth,sp1_0.department,sp1_0.email,sp1_0.full_name,sp1_0.gender,sp1_0.guardian_name,sp1_0.nationality,sp1_0.password,sp1_0.phone,sp1_0.profile_image,sp1_0.profile_image_content_type,sp1_0.profile_image_name,sp1_0.semester,sp1_0.session_year,sp1_0.student_id,sp1_0.updated_at from student_profiles sp1_0 where sp1_0.id=?
Hibernate: select cr1_0.id,cr1_0.assignment_marks,cr1_0.attendance_marks,cr1_0.attendance_percent,cr1_0.class_test_marks,cr1_0.code,cr1_0.created_at,cr1_0.credit,cr1_0.final_marks,cr1_0.lab_performance_marks,cr1_0.lab_report_marks,cr1_0.midterm_marks,cr1_0.presentation_marks,cr1_0.quiz_marks,cr1_0.semester_name,cr1_0.student_profile_id,cr1_0.title,cr1_0.updated_at from course_records cr1_0 join student_profiles sp1_0 on sp1_0.id=cr1_0.student_profile_id where sp1_0.id=? order by cr1_0.code
Hibernate: select sp1_0.id,sp1_0.address,sp1_0.admission_date,sp1_0.blood_group,sp1_0.created_at,sp1_0.date_of_birth,sp1_0.department,sp1_0.email,sp1_0.full_name,sp1_0.gender,sp1_0.guardian_name,sp1_0.nationality,sp1_0.password,sp1_0.phone,sp1_0.profile_image,sp1_0.profile_image_content_type,sp1_0.profile_image_name,sp1_0.semester,sp1_0.session_year,sp1_0.student_id,sp1_0.updated_at from student_profiles sp1_0 where sp1_0.id=?
Hibernate: select sp1_0.id,sp1_0.address,sp1_0.admission_date,sp1_0.blood_group,sp1_0.created_at,sp1_0.date_of_birth,sp1_0.department,sp1_0.email,sp1_0.full_name,sp1_0.gender,sp1_0.guardian_name,sp1_0.nationality,sp1_0.password,sp1_0.phone,sp1_0.profile_image,sp1_0.profile_image_content_type,sp1_0.profile_image_name,sp1_0.semester,sp1_0.session_year,sp1_0.student_id,sp1_0.updated_at from student_profiles sp1_0 where sp1_0.id=?
Hibernate: select cr1_0.id,cr1_0.assignment_marks,cr1_0.attendance_marks,cr1_0.attendance_percent,cr1_0.class_test_marks,cr1_0.code,cr1_0.created_at,cr1_0.credit,cr1_0.final_marks,cr1_0.lab_performance_marks,cr1_0.lab_report_marks,cr1_0.midterm_marks,cr1_0.presentation_marks,cr1_0.quiz_marks,cr1_0.semester_name,cr1_0.student_profile_id,cr1_0.title,cr1_0.updated_at from course_records cr1_0 join student_profiles sp1_0 on sp1_0.id=cr1_0.student_profile_id where sp1_0.id=? order by cr1_0.code
Hibernate: select sp1_0.id,sp1_0.address,sp1_0.admission_date,sp1_0.blood_group,sp1_0.created_at,sp1_0.date_of_birth,sp1_0.department,sp1_0.email,sp1_0.full_name,sp1_0.gender,sp1_0.guardian_name,sp1_0.nationality,sp1_0.password,sp1_0.phone,sp1_0.profile_image,sp1_0.profile_image_content_type,sp1_0.profile_image_name,sp1_0.semester,sp1_0.session_year,sp1_0.student_id,sp1_0.updated_at from student_profiles sp1_0 where sp1_0.id=?
Hibernate: select cc1_0.id,cc1_0.code,cc1_0.credit,cc1_0.name from course_catalog cc1_0 order by cc1_0.code
Hibernate: select cr1_0.id,cr1_0.assignment_marks,cr1_0.attendance_marks,cr1_0.attendance_percent,cr1_0.class_test_marks,cr1_0.code,cr1_0.created_at,cr1_0.credit,cr1_0.final_marks,cr1_0.lab_performance_marks,cr1_0.lab_report_marks,cr1_0.midterm_marks,cr1_0.presentation_marks,cr1_0.quiz_marks,cr1_0.semester_name,cr1_0.student_profile_id,cr1_0.title,cr1_0.updated_at from course_records cr1_0 join student_profiles sp1_0 on sp1_0.id=cr1_0.student_profile_id where sp1_0.id=? order by cr1_0.code
Hibernate: select sp1_0.id,sp1_0.address,sp1_0.admission_date,sp1_0.blood_group,sp1_0.created_at,sp1_0.date_of_birth,sp1_0.department,sp1_0.email,sp1_0.full_name,sp1_0.gender,sp1_0.guardian_name,sp1_0.nationality,sp1_0.password,sp1_0.phone,sp1_0.profile_image,sp1_0.profile_image_content_type,sp1_0.profile_image_name,sp1_0.semester,sp1_0.session_year,sp1_0.student_id,sp1_0.updated_at from student_profiles sp1_0 where sp1_0.id=?
Hibernate: select cc1_0.id,cc1_0.code,cc1_0.credit,cc1_0.name from course_catalog cc1_0 order by cc1_0.code
Hibernate: select cr1_0.id,cr1_0.assignment_marks,cr1_0.attendance_marks,cr1_0.attendance_percent,cr1_0.class_test_marks,cr1_0.code,cr1_0.created_at,cr1_0.credit,cr1_0.final_marks,cr1_0.lab_performance_marks,cr1_0.lab_report_marks,cr1_0.midterm_marks,cr1_0.presentation_marks,cr1_0.quiz_marks,cr1_0.semester_name,cr1_0.student_profile_id,cr1_0.title,cr1_0.updated_at from course_records cr1_0 join student_profiles sp1_0 on sp1_0.id=cr1_0.student_profile_id where sp1_0.id=? order by cr1_0.code
Hibernate: select sp1_0.id,sp1_0.address,sp1_0.admission_date,sp1_0.blood_group,sp1_0.created_at,sp1_0.date_of_birth,sp1_0.department,sp1_0.email,sp1_0.full_name,sp1_0.gender,sp1_0.guardian_name,sp1_0.nationality,sp1_0.password,sp1_0.phone,sp1_0.profile_image,sp1_0.profile_image_content_type,sp1_0.profile_image_name,sp1_0.semester,sp1_0.session_year,sp1_0.student_id,sp1_0.updated_at from student_profiles sp1_0 where sp1_0.id=?
Hibernate: select sp1_0.id,sp1_0.address,sp1_0.admission_date,sp1_0.blood_group,sp1_0.created_at,sp1_0.date_of_birth,sp1_0.department,sp1_0.email,sp1_0.full_name,sp1_0.gender,sp1_0.guardian_name,sp1_0.nationality,sp1_0.password,sp1_0.phone,sp1_0.profile_image,sp1_0.profile_image_content_type,sp1_0.profile_image_name,sp1_0.semester,sp1_0.session_year,sp1_0.student_id,sp1_0.updated_at from student_profiles sp1_0 where sp1_0.id=?
Hibernate: select sp1_0.id,sp1_0.address,sp1_0.admission_date,sp1_0.blood_group,sp1_0.created_at,sp1_0.date_of_birth,sp1_0.department,sp1_0.email,sp1_0.full_name,sp1_0.gender,sp1_0.guardian_name,sp1_0.nationality,sp1_0.password,sp1_0.phone,sp1_0.profile_image,sp1_0.profile_image_content_type,sp1_0.profile_image_name,sp1_0.semester,sp1_0.session_year,sp1_0.student_id,sp1_0.updated_at from student_profiles sp1_0 where sp1_0.id=?
Hibernate: select sp1_0.id,sp1_0.address,sp1_0.admission_date,sp1_0.blood_group,sp1_0.created_at,sp1_0.date_of_birth,sp1_0.department,sp1_0.email,sp1_0.full_name,sp1_0.gender,sp1_0.guardian_name,sp1_0.nationality,sp1_0.password,sp1_0.phone,sp1_0.profile_image,sp1_0.profile_image_content_type,sp1_0.profile_image_name,sp1_0.semester,sp1_0.session_year,sp1_0.student_id,sp1_0.updated_at from student_profiles sp1_0 where sp1_0.id=?
Hibernate: select sp1_0.id,sp1_0.address,sp1_0.admission_date,sp1_0.blood_group,sp1_0.created_at,sp1_0.date_of_birth,sp1_0.department,sp1_0.email,sp1_0.full_name,sp1_0.gender,sp1_0.guardian_name,sp1_0.nationality,sp1_0.password,sp1_0.phone,sp1_0.profile_image,sp1_0.profile_image_content_type,sp1_0.profile_image_name,sp1_0.semester,sp1_0.session_year,sp1_0.student_id,sp1_0.updated_at from student_profiles sp1_0 where sp1_0.id=?
Hibernate: select cc1_0.id,cc1_0.created_at,cc1_0.owner_key,cc1_0.student_profile_id,cc1_0.title,cc1_0.updated_at from chat_conversations cc1_0 where cc1_0.owner_key=? order by cc1_0.updated_at desc
Hibernate: select sp1_0.id,sp1_0.address,sp1_0.admission_date,sp1_0.blood_group,sp1_0.created_at,sp1_0.date_of_birth,sp1_0.department,sp1_0.email,sp1_0.full_name,sp1_0.gender,sp1_0.guardian_name,sp1_0.nationality,sp1_0.password,sp1_0.phone,sp1_0.profile_image,sp1_0.profile_image_content_type,sp1_0.profile_image_name,sp1_0.semester,sp1_0.session_year,sp1_0.student_id,sp1_0.updated_at from student_profiles sp1_0 where sp1_0.id=?
Hibernate: select cc1_0.id,cc1_0.created_at,cc1_0.owner_key,cc1_0.student_profile_id,cc1_0.title,cc1_0.updated_at from chat_conversations cc1_0 where cc1_0.owner_key=? order by cc1_0.updated_at desc
Hibernate: select cc1_0.id,cc1_0.created_at,cc1_0.owner_key,cc1_0.student_profile_id,cc1_0.title,cc1_0.updated_at from chat_conversations cc1_0 where cc1_0.id=?
Hibernate: select cm1_0.id,cm1_0.attachments_json,cm1_0.conversation_id,cm1_0.created_at,cm1_0.sender,cm1_0.text from chat_messages cm1_0 join chat_conversations c1_0 on c1_0.id=cm1_0.conversation_id where c1_0.id=? order by cm1_0.created_at
Hibernate: select sp1_0.id,sp1_0.address,sp1_0.admission_date,sp1_0.blood_group,sp1_0.created_at,sp1_0.date_of_birth,sp1_0.department,sp1_0.email,sp1_0.full_name,sp1_0.gender,sp1_0.guardian_name,sp1_0.nationality,sp1_0.password,sp1_0.phone,sp1_0.profile_image,sp1_0.profile_image_content_type,sp1_0.profile_image_name,sp1_0.semester,sp1_0.session_year,sp1_0.student_id,sp1_0.updated_at from student_profiles sp1_0 where sp1_0.id=?
Hibernate: select cc1_0.id,cc1_0.created_at,cc1_0.owner_key,cc1_0.student_profile_id,cc1_0.title,cc1_0.updated_at from chat_conversations cc1_0 where cc1_0.owner_key=? order by cc1_0.updated_at desc
Hibernate: select sp1_0.id,sp1_0.address,sp1_0.admission_date,sp1_0.blood_group,sp1_0.created_at,sp1_0.date_of_birth,sp1_0.department,sp1_0.email,sp1_0.full_name,sp1_0.gender,sp1_0.guardian_name,sp1_0.nationality,sp1_0.password,sp1_0.phone,sp1_0.profile_image,sp1_0.profile_image_content_type,sp1_0.profile_image_name,sp1_0.semester,sp1_0.session_year,sp1_0.student_id,sp1_0.updated_at from student_profiles sp1_0 where sp1_0.id=?
Hibernate: select cc1_0.id,cc1_0.created_at,cc1_0.owner_key,cc1_0.student_profile_id,cc1_0.title,cc1_0.updated_at from chat_conversations cc1_0 where cc1_0.id=?
Hibernate: select cm1_0.id,cm1_0.attachments_json,cm1_0.conversation_id,cm1_0.created_at,cm1_0.sender,cm1_0.text from chat_messages cm1_0 join chat_conversations c1_0 on c1_0.id=cm1_0.conversation_id where c1_0.id=? order by cm1_0.created_at
Hibernate: select sp1_0.id,sp1_0.address,sp1_0.admission_date,sp1_0.blood_group,sp1_0.created_at,sp1_0.date_of_birth,sp1_0.department,sp1_0.email,sp1_0.full_name,sp1_0.gender,sp1_0.guardian_name,sp1_0.nationality,sp1_0.password,sp1_0.phone,sp1_0.profile_image,sp1_0.profile_image_content_type,sp1_0.profile_image_name,sp1_0.semester,sp1_0.session_year,sp1_0.student_id,sp1_0.updated_at from student_profiles sp1_0 where sp1_0.id=?
Hibernate: select sp1_0.id,sp1_0.address,sp1_0.admission_date,sp1_0.blood_group,sp1_0.created_at,sp1_0.date_of_birth,sp1_0.department,sp1_0.email,sp1_0.full_name,sp1_0.gender,sp1_0.guardian_name,sp1_0.nationality,sp1_0.password,sp1_0.phone,sp1_0.profile_image,sp1_0.profile_image_content_type,sp1_0.profile_image_name,sp1_0.semester,sp1_0.session_year,sp1_0.student_id,sp1_0.updated_at from student_profiles sp1_0 where sp1_0.id=?
Hibernate: select cc1_0.id,cc1_0.created_at,cc1_0.owner_key,cc1_0.student_profile_id,cc1_0.title,cc1_0.updated_at from chat_conversations cc1_0 where cc1_0.owner_key=? order by cc1_0.updated_at desc
Hibernate: select sp1_0.id,sp1_0.address,sp1_0.admission_date,sp1_0.blood_group,sp1_0.created_at,sp1_0.date_of_birth,sp1_0.department,sp1_0.email,sp1_0.full_name,sp1_0.gender,sp1_0.guardian_name,sp1_0.nationality,sp1_0.password,sp1_0.phone,sp1_0.profile_image,sp1_0.profile_image_content_type,sp1_0.profile_image_name,sp1_0.semester,sp1_0.session_year,sp1_0.student_id,sp1_0.updated_at from student_profiles sp1_0 where sp1_0.id=?
Hibernate: select cc1_0.id,cc1_0.created_at,cc1_0.owner_key,cc1_0.student_profile_id,cc1_0.title,cc1_0.updated_at from chat_conversations cc1_0 where cc1_0.owner_key=? order by cc1_0.updated_at desc
Hibernate: select cc1_0.id,cc1_0.created_at,cc1_0.owner_key,cc1_0.student_profile_id,cc1_0.title,cc1_0.updated_at from chat_conversations cc1_0 where cc1_0.id=?
Hibernate: select sp1_0.id,sp1_0.address,sp1_0.admission_date,sp1_0.blood_group,sp1_0.created_at,sp1_0.date_of_birth,sp1_0.department,sp1_0.email,sp1_0.full_name,sp1_0.gender,sp1_0.guardian_name,sp1_0.nationality,sp1_0.password,sp1_0.phone,sp1_0.profile_image,sp1_0.profile_image_content_type,sp1_0.profile_image_name,sp1_0.semester,sp1_0.session_year,sp1_0.student_id,sp1_0.updated_at from student_profiles sp1_0 where sp1_0.id=?
Hibernate: select cm1_0.id,cm1_0.attachments_json,cm1_0.conversation_id,cm1_0.created_at,cm1_0.sender,cm1_0.text from chat_messages cm1_0 join chat_conversations c1_0 on c1_0.id=cm1_0.conversation_id where c1_0.id=? order by cm1_0.created_at
Hibernate: select sp1_0.id,sp1_0.address,sp1_0.admission_date,sp1_0.blood_group,sp1_0.created_at,sp1_0.date_of_birth,sp1_0.department,sp1_0.email,sp1_0.full_name,sp1_0.gender,sp1_0.guardian_name,sp1_0.nationality,sp1_0.password,sp1_0.phone,sp1_0.profile_image,sp1_0.profile_image_content_type,sp1_0.profile_image_name,sp1_0.semester,sp1_0.session_year,sp1_0.student_id,sp1_0.updated_at from student_profiles sp1_0 where sp1_0.id=?
Hibernate: select sp1_0.id,sp1_0.address,sp1_0.admission_date,sp1_0.blood_group,sp1_0.created_at,sp1_0.date_of_birth,sp1_0.department,sp1_0.email,sp1_0.full_name,sp1_0.gender,sp1_0.guardian_name,sp1_0.nationality,sp1_0.password,sp1_0.phone,sp1_0.profile_image,sp1_0.profile_image_content_type,sp1_0.profile_image_name,sp1_0.semester,sp1_0.session_year,sp1_0.student_id,sp1_0.updated_at from student_profiles sp1_0 where sp1_0.id=?
Hibernate: select sp1_0.id,sp1_0.address,sp1_0.admission_date,sp1_0.blood_group,sp1_0.created_at,sp1_0.date_of_birth,sp1_0.department,sp1_0.email,sp1_0.full_name,sp1_0.gender,sp1_0.guardian_name,sp1_0.nationality,sp1_0.password,sp1_0.phone,sp1_0.profile_image,sp1_0.profile_image_content_type,sp1_0.profile_image_name,sp1_0.semester,sp1_0.session_year,sp1_0.student_id,sp1_0.updated_at from student_profiles sp1_0 where sp1_0.id=?
